Состояние 9 конфликты: 1 сдвига/вывода
Состояние 41 конфликты: 10 сдвига/вывода
Состояние 80 конфликты: 4 сдвига/вывода
Состояние 92 конфликты: 2 сдвига/вывода
Состояние 93 конфликты: 2 сдвига/вывода


Грамматика

    0 $accept: program $end

    1 program: headers main '(' ')' '{' body return '}'

    2 headers: headers headers
    3        | INCLUDE

    4 main: datatype ID

    5 datatype: INT
    6         | FLOAT
    7         | CHAR
    8         | VOID

    9 $@1: /* пусто */

   10 body: FOR $@1 '(' statement ';' condition ';' statement ')' '{' body '}'

   11 $@2: /* пусто */

   12 body: IF $@2 '(' condition ')' '{' body '}' else
   13     | statement ';'
   14     | body body

   15 $@3: /* пусто */

   16 body: PRINTFF $@3 '(' STR ')' ';'

   17 $@4: /* пусто */

   18 body: SCANFF $@4 '(' STR ',' '&' ID ')' ';'

   19 $@5: /* пусто */

   20 else: ELSE $@5 '{' body '}'
   21     | /* пусто */

   22 $@6: /* пусто */

   23 condition: condition OR $@6 condition

   24 $@7: /* пусто */

   25 condition: condition AND $@7 condition
   26          | value relop value
   27          | TRUE
   28          | FALSE

   29 $@8: /* пусто */

   30 statement: datatype ID $@8 init
   31          | ID '=' expression
   32          | ID relop expression
   33          | ID UNARY
   34          | UNARY ID

   35 init: '=' value
   36     | /* пусто */

   37 expression: expression arithmetic expression
   38           | value

   39 arithmetic: ADD
   40           | SUBTRACT
   41           | MULTIPLY
   42           | DIVIDE

   43 relop: LT
   44      | GT
   45      | LE
   46      | GE
   47      | EQ
   48      | NE

   49 value: NUMBER
   50      | FLOAT_NUM
   51      | CHARACTER
   52      | ID

   53 $@9: /* пусто */

   54 return: RETURN $@9 value ';'
   55       | /* пусто */


Терминальные символы с правилами, в которых они появляются

$end (0) 0
'&' (38) 18
'(' (40) 1 10 12 16 18
')' (41) 1 10 12 16 18
',' (44) 18
';' (59) 10 13 16 18 54
'=' (61) 31 35
'{' (123) 1 10 12 20
'}' (125) 1 10 12 20
error (256)
VOID (258) 8
CHARACTER (259) 51
PRINTFF (260) 16
SCANFF (261) 18
INT (262) 5
FLOAT (263) 6
CHAR (264) 7
FOR (265) 10
IF (266) 12
ELSE (267) 20
TRUE (268) 27
FALSE (269) 28
NUMBER (270) 49
FLOAT_NUM (271) 50
ID (272) 4 18 30 31 32 33 34 52
LE (273) 45
GE (274) 46
EQ (275) 47
NE (276) 48
GT (277) 44
LT (278) 43
AND (279) 25
OR (280) 23
STR (281) 16 18
ADD (282) 39
MULTIPLY (283) 41
DIVIDE (284) 42
SUBTRACT (285) 40
UNARY (286) 33 34
INCLUDE (287) 3
RETURN (288) 54


Нетерминальные символы с правилами, в которых они появляются

$accept (42)
    налево: 0
program (43)
    налево: 1, направо: 0
headers (44)
    налево: 2 3, направо: 1 2
main (45)
    налево: 4, направо: 1
datatype (46)
    налево: 5 6 7 8, направо: 4 30
body (47)
    налево: 10 12 13 14 16 18, направо: 1 10 12 14 20
$@1 (48)
    налево: 9, направо: 10
$@2 (49)
    налево: 11, направо: 12
$@3 (50)
    налево: 15, направо: 16
$@4 (51)
    налево: 17, направо: 18
else (52)
    налево: 20 21, направо: 12
$@5 (53)
    налево: 19, направо: 20
condition (54)
    налево: 23 25 26 27 28, направо: 10 12 23 25
$@6 (55)
    налево: 22, направо: 23
$@7 (56)
    налево: 24, направо: 25
statement (57)
    налево: 30 31 32 33 34, направо: 10 13
$@8 (58)
    налево: 29, направо: 30
init (59)
    налево: 35 36, направо: 30
expression (60)
    налево: 37 38, направо: 31 32 37
arithmetic (61)
    налево: 39 40 41 42, направо: 37
relop (62)
    налево: 43 44 45 46 47 48, направо: 26 32
value (63)
    налево: 49 50 51 52, направо: 26 35 38 54
return (64)
    налево: 54 55, направо: 1
$@9 (65)
    налево: 53, направо: 54


состояние 0

    0 $accept: . program $end

    INCLUDE  сдвиг, и переход в состояние 1

    program  переход в состояние 2
    headers  переход в состояние 3


состояние 1

    3 headers: INCLUDE .

    $default  вывод с использованием правила 3 (headers)


состояние 2

    0 $accept: program . $end

    $end  сдвиг, и переход в состояние 4


состояние 3

    1 program: headers . main '(' ')' '{' body return '}'
    2 headers: headers . headers

    VOID     сдвиг, и переход в состояние 5
    INT      сдвиг, и переход в состояние 6
    FLOAT    сдвиг, и переход в состояние 7
    CHAR     сдвиг, и переход в состояние 8
    INCLUDE  сдвиг, и переход в состояние 1

    headers   переход в состояние 9
    main      переход в состояние 10
    datatype  переход в состояние 11


состояние 4

    0 $accept: program $end .

    $default  accept


состояние 5

    8 datatype: VOID .

    $default  вывод с использованием правила 8 (datatype)


состояние 6

    5 datatype: INT .

    $default  вывод с использованием правила 5 (datatype)


состояние 7

    6 datatype: FLOAT .

    $default  вывод с использованием правила 6 (datatype)


состояние 8

    7 datatype: CHAR .

    $default  вывод с использованием правила 7 (datatype)


состояние 9

    2 headers: headers . headers
    2        | headers headers .

    INCLUDE  сдвиг, и переход в состояние 1

    INCLUDE   [вывод с использованием правила 2 (headers)]
    $default  вывод с использованием правила 2 (headers)

    headers  переход в состояние 9


состояние 10

    1 program: headers main . '(' ')' '{' body return '}'

    '('  сдвиг, и переход в состояние 12


состояние 11

    4 main: datatype . ID

    ID  сдвиг, и переход в состояние 13


состояние 12

    1 program: headers main '(' . ')' '{' body return '}'

    ')'  сдвиг, и переход в состояние 14


состояние 13

    4 main: datatype ID .

    $default  вывод с использованием правила 4 (main)


состояние 14

    1 program: headers main '(' ')' . '{' body return '}'

    '{'  сдвиг, и переход в состояние 15


состояние 15

    1 program: headers main '(' ')' '{' . body return '}'

    VOID     сдвиг, и переход в состояние 5
    PRINTFF  сдвиг, и переход в состояние 16
    SCANFF   сдвиг, и переход в состояние 17
    INT      сдвиг, и переход в состояние 6
    FLOAT    сдвиг, и переход в состояние 7
    CHAR     сдвиг, и переход в состояние 8
    FOR      сдвиг, и переход в состояние 18
    IF       сдвиг, и переход в состояние 19
    ID       сдвиг, и переход в состояние 20
    UNARY    сдвиг, и переход в состояние 21

    datatype   переход в состояние 22
    body       переход в состояние 23
    statement  переход в состояние 24


состояние 16

   16 body: PRINTFF . $@3 '(' STR ')' ';'

    $default  вывод с использованием правила 15 ($@3)

    $@3  переход в состояние 25


состояние 17

   18 body: SCANFF . $@4 '(' STR ',' '&' ID ')' ';'

    $default  вывод с использованием правила 17 ($@4)

    $@4  переход в состояние 26


состояние 18

   10 body: FOR . $@1 '(' statement ';' condition ';' statement ')' '{' body '}'

    $default  вывод с использованием правила 9 ($@1)

    $@1  переход в состояние 27


состояние 19

   12 body: IF . $@2 '(' condition ')' '{' body '}' else

    $default  вывод с использованием правила 11 ($@2)

    $@2  переход в состояние 28


состояние 20

   31 statement: ID . '=' expression
   32          | ID . relop expression
   33          | ID . UNARY

    LE     сдвиг, и переход в состояние 29
    GE     сдвиг, и переход в состояние 30
    EQ     сдвиг, и переход в состояние 31
    NE     сдвиг, и переход в состояние 32
    GT     сдвиг, и переход в состояние 33
    LT     сдвиг, и переход в состояние 34
    UNARY  сдвиг, и переход в состояние 35
    '='    сдвиг, и переход в состояние 36

    relop  переход в состояние 37


состояние 21

   34 statement: UNARY . ID

    ID  сдвиг, и переход в состояние 38


состояние 22

   30 statement: datatype . ID $@8 init

    ID  сдвиг, и переход в состояние 39


состояние 23

    1 program: headers main '(' ')' '{' body . return '}'
   14 body: body . body

    VOID     сдвиг, и переход в состояние 5
    PRINTFF  сдвиг, и переход в состояние 16
    SCANFF   сдвиг, и переход в состояние 17
    INT      сдвиг, и переход в состояние 6
    FLOAT    сдвиг, и переход в состояние 7
    CHAR     сдвиг, и переход в состояние 8
    FOR      сдвиг, и переход в состояние 18
    IF       сдвиг, и переход в состояние 19
    ID       сдвиг, и переход в состояние 20
    UNARY    сдвиг, и переход в состояние 21
    RETURN   сдвиг, и переход в состояние 40

    $default  вывод с использованием правила 55 (return)

    datatype   переход в состояние 22
    body       переход в состояние 41
    statement  переход в состояние 24
    return     переход в состояние 42


состояние 24

   13 body: statement . ';'

    ';'  сдвиг, и переход в состояние 43


состояние 25

   16 body: PRINTFF $@3 . '(' STR ')' ';'

    '('  сдвиг, и переход в состояние 44


состояние 26

   18 body: SCANFF $@4 . '(' STR ',' '&' ID ')' ';'

    '('  сдвиг, и переход в состояние 45


состояние 27

   10 body: FOR $@1 . '(' statement ';' condition ';' statement ')' '{' body '}'

    '('  сдвиг, и переход в состояние 46


состояние 28

   12 body: IF $@2 . '(' condition ')' '{' body '}' else

    '('  сдвиг, и переход в состояние 47


состояние 29

   45 relop: LE .

    $default  вывод с использованием правила 45 (relop)


состояние 30

   46 relop: GE .

    $default  вывод с использованием правила 46 (relop)


состояние 31

   47 relop: EQ .

    $default  вывод с использованием правила 47 (relop)


состояние 32

   48 relop: NE .

    $default  вывод с использованием правила 48 (relop)


состояние 33

   44 relop: GT .

    $default  вывод с использованием правила 44 (relop)


состояние 34

   43 relop: LT .

    $default  вывод с использованием правила 43 (relop)


состояние 35

   33 statement: ID UNARY .

    $default  вывод с использованием правила 33 (statement)


состояние 36

   31 statement: ID '=' . expression

    CHARACTER  сдвиг, и переход в состояние 48
    NUMBER     сдвиг, и переход в состояние 49
    FLOAT_NUM  сдвиг, и переход в состояние 50
    ID         сдвиг, и переход в состояние 51

    expression  переход в состояние 52
    value       переход в состояние 53


состояние 37

   32 statement: ID relop . expression

    CHARACTER  сдвиг, и переход в состояние 48
    NUMBER     сдвиг, и переход в состояние 49
    FLOAT_NUM  сдвиг, и переход в состояние 50
    ID         сдвиг, и переход в состояние 51

    expression  переход в состояние 54
    value       переход в состояние 53


состояние 38

   34 statement: UNARY ID .

    $default  вывод с использованием правила 34 (statement)


состояние 39

   30 statement: datatype ID . $@8 init

    $default  вывод с использованием правила 29 ($@8)

    $@8  переход в состояние 55


состояние 40

   54 return: RETURN . $@9 value ';'

    $default  вывод с использованием правила 53 ($@9)

    $@9  переход в состояние 56


состояние 41

   14 body: body . body
   14     | body body .

    VOID     сдвиг, и переход в состояние 5
    PRINTFF  сдвиг, и переход в состояние 16
    SCANFF   сдвиг, и переход в состояние 17
    INT      сдвиг, и переход в состояние 6
    FLOAT    сдвиг, и переход в состояние 7
    CHAR     сдвиг, и переход в состояние 8
    FOR      сдвиг, и переход в состояние 18
    IF       сдвиг, и переход в состояние 19
    ID       сдвиг, и переход в состояние 20
    UNARY    сдвиг, и переход в состояние 21

    VOID      [вывод с использованием правила 14 (body)]
    PRINTFF   [вывод с использованием правила 14 (body)]
    SCANFF    [вывод с использованием правила 14 (body)]
    INT       [вывод с использованием правила 14 (body)]
    FLOAT     [вывод с использованием правила 14 (body)]
    CHAR      [вывод с использованием правила 14 (body)]
    FOR       [вывод с использованием правила 14 (body)]
    IF        [вывод с использованием правила 14 (body)]
    ID        [вывод с использованием правила 14 (body)]
    UNARY     [вывод с использованием правила 14 (body)]
    $default  вывод с использованием правила 14 (body)

    datatype   переход в состояние 22
    body       переход в состояние 41
    statement  переход в состояние 24


состояние 42

    1 program: headers main '(' ')' '{' body return . '}'

    '}'  сдвиг, и переход в состояние 57


состояние 43

   13 body: statement ';' .

    $default  вывод с использованием правила 13 (body)


состояние 44

   16 body: PRINTFF $@3 '(' . STR ')' ';'

    STR  сдвиг, и переход в состояние 58


состояние 45

   18 body: SCANFF $@4 '(' . STR ',' '&' ID ')' ';'

    STR  сдвиг, и переход в состояние 59


состояние 46

   10 body: FOR $@1 '(' . statement ';' condition ';' statement ')' '{' body '}'

    VOID   сдвиг, и переход в состояние 5
    INT    сдвиг, и переход в состояние 6
    FLOAT  сдвиг, и переход в состояние 7
    CHAR   сдвиг, и переход в состояние 8
    ID     сдвиг, и переход в состояние 20
    UNARY  сдвиг, и переход в состояние 21

    datatype   переход в состояние 22
    statement  переход в состояние 60


состояние 47

   12 body: IF $@2 '(' . condition ')' '{' body '}' else

    CHARACTER  сдвиг, и переход в состояние 48
    TRUE       сдвиг, и переход в состояние 61
    FALSE      сдвиг, и переход в состояние 62
    NUMBER     сдвиг, и переход в состояние 49
    FLOAT_NUM  сдвиг, и переход в состояние 50
    ID         сдвиг, и переход в состояние 51

    condition  переход в состояние 63
    value      переход в состояние 64


состояние 48

   51 value: CHARACTER .

    $default  вывод с использованием правила 51 (value)


состояние 49

   49 value: NUMBER .

    $default  вывод с использованием правила 49 (value)


состояние 50

   50 value: FLOAT_NUM .

    $default  вывод с использованием правила 50 (value)


состояние 51

   52 value: ID .

    $default  вывод с использованием правила 52 (value)


состояние 52

   31 statement: ID '=' expression .
   37 expression: expression . arithmetic expression

    ADD       сдвиг, и переход в состояние 65
    MULTIPLY  сдвиг, и переход в состояние 66
    DIVIDE    сдвиг, и переход в состояние 67
    SUBTRACT  сдвиг, и переход в состояние 68

    $default  вывод с использованием правила 31 (statement)

    arithmetic  переход в состояние 69


состояние 53

   38 expression: value .

    $default  вывод с использованием правила 38 (expression)


состояние 54

   32 statement: ID relop expression .
   37 expression: expression . arithmetic expression

    ADD       сдвиг, и переход в состояние 65
    MULTIPLY  сдвиг, и переход в состояние 66
    DIVIDE    сдвиг, и переход в состояние 67
    SUBTRACT  сдвиг, и переход в состояние 68

    $default  вывод с использованием правила 32 (statement)

    arithmetic  переход в состояние 69


состояние 55

   30 statement: datatype ID $@8 . init

    '='  сдвиг, и переход в состояние 70

    $default  вывод с использованием правила 36 (init)

    init  переход в состояние 71


состояние 56

   54 return: RETURN $@9 . value ';'

    CHARACTER  сдвиг, и переход в состояние 48
    NUMBER     сдвиг, и переход в состояние 49
    FLOAT_NUM  сдвиг, и переход в состояние 50
    ID         сдвиг, и переход в состояние 51

    value  переход в состояние 72


состояние 57

    1 program: headers main '(' ')' '{' body return '}' .

    $default  вывод с использованием правила 1 (program)


состояние 58

   16 body: PRINTFF $@3 '(' STR . ')' ';'

    ')'  сдвиг, и переход в состояние 73


состояние 59

   18 body: SCANFF $@4 '(' STR . ',' '&' ID ')' ';'

    ','  сдвиг, и переход в состояние 74


состояние 60

   10 body: FOR $@1 '(' statement . ';' condition ';' statement ')' '{' body '}'

    ';'  сдвиг, и переход в состояние 75


состояние 61

   27 condition: TRUE .

    $default  вывод с использованием правила 27 (condition)


состояние 62

   28 condition: FALSE .

    $default  вывод с использованием правила 28 (condition)


состояние 63

   12 body: IF $@2 '(' condition . ')' '{' body '}' else
   23 condition: condition . OR $@6 condition
   25          | condition . AND $@7 condition

    AND  сдвиг, и переход в состояние 76
    OR   сдвиг, и переход в состояние 77
    ')'  сдвиг, и переход в состояние 78


состояние 64

   26 condition: value . relop value

    LE  сдвиг, и переход в состояние 29
    GE  сдвиг, и переход в состояние 30
    EQ  сдвиг, и переход в состояние 31
    NE  сдвиг, и переход в состояние 32
    GT  сдвиг, и переход в состояние 33
    LT  сдвиг, и переход в состояние 34

    relop  переход в состояние 79


состояние 65

   39 arithmetic: ADD .

    $default  вывод с использованием правила 39 (arithmetic)


состояние 66

   41 arithmetic: MULTIPLY .

    $default  вывод с использованием правила 41 (arithmetic)


состояние 67

   42 arithmetic: DIVIDE .

    $default  вывод с использованием правила 42 (arithmetic)


состояние 68

   40 arithmetic: SUBTRACT .

    $default  вывод с использованием правила 40 (arithmetic)


состояние 69

   37 expression: expression arithmetic . expression

    CHARACTER  сдвиг, и переход в состояние 48
    NUMBER     сдвиг, и переход в состояние 49
    FLOAT_NUM  сдвиг, и переход в состояние 50
    ID         сдвиг, и переход в состояние 51

    expression  переход в состояние 80
    value       переход в состояние 53


состояние 70

   35 init: '=' . value

    CHARACTER  сдвиг, и переход в состояние 48
    NUMBER     сдвиг, и переход в состояние 49
    FLOAT_NUM  сдвиг, и переход в состояние 50
    ID         сдвиг, и переход в состояние 51

    value  переход в состояние 81


состояние 71

   30 statement: datatype ID $@8 init .

    $default  вывод с использованием правила 30 (statement)


состояние 72

   54 return: RETURN $@9 value . ';'

    ';'  сдвиг, и переход в состояние 82


состояние 73

   16 body: PRINTFF $@3 '(' STR ')' . ';'

    ';'  сдвиг, и переход в состояние 83


состояние 74

   18 body: SCANFF $@4 '(' STR ',' . '&' ID ')' ';'

    '&'  сдвиг, и переход в состояние 84


состояние 75

   10 body: FOR $@1 '(' statement ';' . condition ';' statement ')' '{' body '}'

    CHARACTER  сдвиг, и переход в состояние 48
    TRUE       сдвиг, и переход в состояние 61
    FALSE      сдвиг, и переход в состояние 62
    NUMBER     сдвиг, и переход в состояние 49
    FLOAT_NUM  сдвиг, и переход в состояние 50
    ID         сдвиг, и переход в состояние 51

    condition  переход в состояние 85
    value      переход в состояние 64


состояние 76

   25 condition: condition AND . $@7 condition

    $default  вывод с использованием правила 24 ($@7)

    $@7  переход в состояние 86


состояние 77

   23 condition: condition OR . $@6 condition

    $default  вывод с использованием правила 22 ($@6)

    $@6  переход в состояние 87


состояние 78

   12 body: IF $@2 '(' condition ')' . '{' body '}' else

    '{'  сдвиг, и переход в состояние 88


состояние 79

   26 condition: value relop . value

    CHARACTER  сдвиг, и переход в состояние 48
    NUMBER     сдвиг, и переход в состояние 49
    FLOAT_NUM  сдвиг, и переход в состояние 50
    ID         сдвиг, и переход в состояние 51

    value  переход в состояние 89


состояние 80

   37 expression: expression . arithmetic expression
   37           | expression arithmetic expression .

    ADD       сдвиг, и переход в состояние 65
    MULTIPLY  сдвиг, и переход в состояние 66
    DIVIDE    сдвиг, и переход в состояние 67
    SUBTRACT  сдвиг, и переход в состояние 68

    ADD       [вывод с использованием правила 37 (expression)]
    MULTIPLY  [вывод с использованием правила 37 (expression)]
    DIVIDE    [вывод с использованием правила 37 (expression)]
    SUBTRACT  [вывод с использованием правила 37 (expression)]
    $default  вывод с использованием правила 37 (expression)

    arithmetic  переход в состояние 69


состояние 81

   35 init: '=' value .

    $default  вывод с использованием правила 35 (init)


состояние 82

   54 return: RETURN $@9 value ';' .

    $default  вывод с использованием правила 54 (return)


состояние 83

   16 body: PRINTFF $@3 '(' STR ')' ';' .

    $default  вывод с использованием правила 16 (body)


состояние 84

   18 body: SCANFF $@4 '(' STR ',' '&' . ID ')' ';'

    ID  сдвиг, и переход в состояние 90


состояние 85

   10 body: FOR $@1 '(' statement ';' condition . ';' statement ')' '{' body '}'
   23 condition: condition . OR $@6 condition
   25          | condition . AND $@7 condition

    AND  сдвиг, и переход в состояние 76
    OR   сдвиг, и переход в состояние 77
    ';'  сдвиг, и переход в состояние 91


состояние 86

   25 condition: condition AND $@7 . condition

    CHARACTER  сдвиг, и переход в состояние 48
    TRUE       сдвиг, и переход в состояние 61
    FALSE      сдвиг, и переход в состояние 62
    NUMBER     сдвиг, и переход в состояние 49
    FLOAT_NUM  сдвиг, и переход в состояние 50
    ID         сдвиг, и переход в состояние 51

    condition  переход в состояние 92
    value      переход в состояние 64


состояние 87

   23 condition: condition OR $@6 . condition

    CHARACTER  сдвиг, и переход в состояние 48
    TRUE       сдвиг, и переход в состояние 61
    FALSE      сдвиг, и переход в состояние 62
    NUMBER     сдвиг, и переход в состояние 49
    FLOAT_NUM  сдвиг, и переход в состояние 50
    ID         сдвиг, и переход в состояние 51

    condition  переход в состояние 93
    value      переход в состояние 64


состояние 88

   12 body: IF $@2 '(' condition ')' '{' . body '}' else

    VOID     сдвиг, и переход в состояние 5
    PRINTFF  сдвиг, и переход в состояние 16
    SCANFF   сдвиг, и переход в состояние 17
    INT      сдвиг, и переход в состояние 6
    FLOAT    сдвиг, и переход в состояние 7
    CHAR     сдвиг, и переход в состояние 8
    FOR      сдвиг, и переход в состояние 18
    IF       сдвиг, и переход в состояние 19
    ID       сдвиг, и переход в состояние 20
    UNARY    сдвиг, и переход в состояние 21

    datatype   переход в состояние 22
    body       переход в состояние 94
    statement  переход в состояние 24


состояние 89

   26 condition: value relop value .

    $default  вывод с использованием правила 26 (condition)


состояние 90

   18 body: SCANFF $@4 '(' STR ',' '&' ID . ')' ';'

    ')'  сдвиг, и переход в состояние 95


состояние 91

   10 body: FOR $@1 '(' statement ';' condition ';' . statement ')' '{' body '}'

    VOID   сдвиг, и переход в состояние 5
    INT    сдвиг, и переход в состояние 6
    FLOAT  сдвиг, и переход в состояние 7
    CHAR   сдвиг, и переход в состояние 8
    ID     сдвиг, и переход в состояние 20
    UNARY  сдвиг, и переход в состояние 21

    datatype   переход в состояние 22
    statement  переход в состояние 96


состояние 92

   23 condition: condition . OR $@6 condition
   25          | condition . AND $@7 condition
   25          | condition AND $@7 condition .

    AND  сдвиг, и переход в состояние 76
    OR   сдвиг, и переход в состояние 77

    AND       [вывод с использованием правила 25 (condition)]
    OR        [вывод с использованием правила 25 (condition)]
    $default  вывод с использованием правила 25 (condition)


состояние 93

   23 condition: condition . OR $@6 condition
   23          | condition OR $@6 condition .
   25          | condition . AND $@7 condition

    AND  сдвиг, и переход в состояние 76
    OR   сдвиг, и переход в состояние 77

    AND       [вывод с использованием правила 23 (condition)]
    OR        [вывод с использованием правила 23 (condition)]
    $default  вывод с использованием правила 23 (condition)


состояние 94

   12 body: IF $@2 '(' condition ')' '{' body . '}' else
   14     | body . body

    VOID     сдвиг, и переход в состояние 5
    PRINTFF  сдвиг, и переход в состояние 16
    SCANFF   сдвиг, и переход в состояние 17
    INT      сдвиг, и переход в состояние 6
    FLOAT    сдвиг, и переход в состояние 7
    CHAR     сдвиг, и переход в состояние 8
    FOR      сдвиг, и переход в состояние 18
    IF       сдвиг, и переход в состояние 19
    ID       сдвиг, и переход в состояние 20
    UNARY    сдвиг, и переход в состояние 21
    '}'      сдвиг, и переход в состояние 97

    datatype   переход в состояние 22
    body       переход в состояние 41
    statement  переход в состояние 24


состояние 95

   18 body: SCANFF $@4 '(' STR ',' '&' ID ')' . ';'

    ';'  сдвиг, и переход в состояние 98


состояние 96

   10 body: FOR $@1 '(' statement ';' condition ';' statement . ')' '{' body '}'

    ')'  сдвиг, и переход в состояние 99


состояние 97

   12 body: IF $@2 '(' condition ')' '{' body '}' . else

    ELSE  сдвиг, и переход в состояние 100

    $default  вывод с использованием правила 21 (else)

    else  переход в состояние 101


состояние 98

   18 body: SCANFF $@4 '(' STR ',' '&' ID ')' ';' .

    $default  вывод с использованием правила 18 (body)


состояние 99

   10 body: FOR $@1 '(' statement ';' condition ';' statement ')' . '{' body '}'

    '{'  сдвиг, и переход в состояние 102


состояние 100

   20 else: ELSE . $@5 '{' body '}'

    $default  вывод с использованием правила 19 ($@5)

    $@5  переход в состояние 103


состояние 101

   12 body: IF $@2 '(' condition ')' '{' body '}' else .

    $default  вывод с использованием правила 12 (body)


состояние 102

   10 body: FOR $@1 '(' statement ';' condition ';' statement ')' '{' . body '}'

    VOID     сдвиг, и переход в состояние 5
    PRINTFF  сдвиг, и переход в состояние 16
    SCANFF   сдвиг, и переход в состояние 17
    INT      сдвиг, и переход в состояние 6
    FLOAT    сдвиг, и переход в состояние 7
    CHAR     сдвиг, и переход в состояние 8
    FOR      сдвиг, и переход в состояние 18
    IF       сдвиг, и переход в состояние 19
    ID       сдвиг, и переход в состояние 20
    UNARY    сдвиг, и переход в состояние 21

    datatype   переход в состояние 22
    body       переход в состояние 104
    statement  переход в состояние 24


состояние 103

   20 else: ELSE $@5 . '{' body '}'

    '{'  сдвиг, и переход в состояние 105


состояние 104

   10 body: FOR $@1 '(' statement ';' condition ';' statement ')' '{' body . '}'
   14     | body . body

    VOID     сдвиг, и переход в состояние 5
    PRINTFF  сдвиг, и переход в состояние 16
    SCANFF   сдвиг, и переход в состояние 17
    INT      сдвиг, и переход в состояние 6
    FLOAT    сдвиг, и переход в состояние 7
    CHAR     сдвиг, и переход в состояние 8
    FOR      сдвиг, и переход в состояние 18
    IF       сдвиг, и переход в состояние 19
    ID       сдвиг, и переход в состояние 20
    UNARY    сдвиг, и переход в состояние 21
    '}'      сдвиг, и переход в состояние 106

    datatype   переход в состояние 22
    body       переход в состояние 41
    statement  переход в состояние 24


состояние 105

   20 else: ELSE $@5 '{' . body '}'

    VOID     сдвиг, и переход в состояние 5
    PRINTFF  сдвиг, и переход в состояние 16
    SCANFF   сдвиг, и переход в состояние 17
    INT      сдвиг, и переход в состояние 6
    FLOAT    сдвиг, и переход в состояние 7
    CHAR     сдвиг, и переход в состояние 8
    FOR      сдвиг, и переход в состояние 18
    IF       сдвиг, и переход в состояние 19
    ID       сдвиг, и переход в состояние 20
    UNARY    сдвиг, и переход в состояние 21

    datatype   переход в состояние 22
    body       переход в состояние 107
    statement  переход в состояние 24


состояние 106

   10 body: FOR $@1 '(' statement ';' condition ';' statement ')' '{' body '}' .

    $default  вывод с использованием правила 10 (body)


состояние 107

   14 body: body . body
   20 else: ELSE $@5 '{' body . '}'

    VOID     сдвиг, и переход в состояние 5
    PRINTFF  сдвиг, и переход в состояние 16
    SCANFF   сдвиг, и переход в состояние 17
    INT      сдвиг, и переход в состояние 6
    FLOAT    сдвиг, и переход в состояние 7
    CHAR     сдвиг, и переход в состояние 8
    FOR      сдвиг, и переход в состояние 18
    IF       сдвиг, и переход в состояние 19
    ID       сдвиг, и переход в состояние 20
    UNARY    сдвиг, и переход в состояние 21
    '}'      сдвиг, и переход в состояние 108

    datatype   переход в состояние 22
    body       переход в состояние 41
    statement  переход в состояние 24


состояние 108

   20 else: ELSE $@5 '{' body '}' .

    $default  вывод с использованием правила 20 (else)
